Drill report for controller-v3.kicad_pcb
Created on 2024-12-10T19:57:27+0530

Copper Layer Stackup:
    =============================================================
    L1 :  F.Cu                      front
    L2 :  Vcc                       in1
    L3 :  GND                       in2
    L4 :  B.Cu                      back


Drill file 'controller-v3-PTH.drl' contains
    plated through holes:
    =============================================================
    T1  0.300mm  0.0118"  (4 holes)
    T2  0.600mm  0.0236"  (4 holes)  (with 4 slots)
    T3  0.800mm  0.0315"  (38 holes)
    T4  0.900mm  0.0354"  (6 holes)
    T5  1.000mm  0.0394"  (58 holes)

    Total plated holes count 110


Drill file 'controller-v3-NPTH.drl' contains
    unplated through holes:
    =============================================================

    Total unplated holes count 0
