Removed Pin From Net: NetName=BOOT Pin=BOOT-3
Added Pin To Net: NetName=BOOT Pin=BOOT-1
Add Class Member: Failed to add class member : Component C1 0.1uF
Add Class Member: Failed to add class member : Component C2 22uF
Add Class Member: Failed to add class member : Component C3 22uF
Add Class Member: Failed to add class member : Component C4 0.1uF
Add Class Member: Failed to add class member : Component C5 1uF
Add Class Member: Failed to add class member : Component C6 0.1uF
Add Class Member: Failed to add class member : Component C7 0.1uF
Add Class Member: Failed to add class member : Component C8 1uF
Add Class Member: Failed to add class member : Component C9 22uF
Add Class Member: Failed to add class member : Component C10 0.1uF
Add Class Member: Failed to add class member : Component C11 0.1uF
Add Class Member: Failed to add class member : Component C12 22uF
Add Class Member: Failed to add class member : Component CAN_controller TJA1051T/3,118
Add Class Member: Failed to add class member : Component CP2102 CP2102-GMR
Add Class Member: Failed to add class member : Component D_PWR 150080BS75000
Add Class Member: Failed to add class member : Component ESP32-S3 ESP32-S3-WROOM-1U-N16R8
Add Class Member: Failed to add class member : Component LDO AMS1117-3.3
Add Class Member: Failed to add class member : Component LoRa RA-02_LORA
Add Class Member: Failed to add class member : Component R1 10k
Add Class Member: Failed to add class member : Component R2 1k
Add Class Member: Failed to add class member : Component Rcan CRCW0805120RFKEA
Add Class Member: Failed to add class member : Component SW_PWR JS102011SCQN
Add Class Member: Failed to add class member : Component USB micro B 105017-0001
