Removed Pin From Net: NetName=GND Pin=ESP32 S3-41_10
Removed Pin From Net: NetName=GND Pin=ESP32 S3-41_11
Removed Pin From Net: NetName=GND Pin=ESP32 S3-41_12
Removed Pin From Net: NetName=GND Pin=ESP32 S3-41_13
Removed Pin From Net: NetName=GND Pin=ESP32 S3-41_14
Removed Pin From Net: NetName=GND Pin=ESP32 S3-41_15
Removed Pin From Net: NetName=GND Pin=ESP32 S3-41_16
Removed Pin From Net: NetName=GND Pin=ESP32 S3-41_17
Removed Pin From Net: NetName=GND Pin=ESP32 S3-41_18
Removed Pin From Net: NetName=GND Pin=ESP32 S3-41_19
Removed Pin From Net: NetName=GND Pin=ESP32 S3-41_20
Removed Pin From Net: NetName=GND Pin=ESP32 S3-41_21
Change Component Designator: OldDesignator= NewDesignator=C1
Change Component Designator: OldDesignator= NewDesignator=C2
Change Component Designator: OldDesignator= NewDesignator=C3
Change Component Designator: OldDesignator= NewDesignator=C4
Change Component Designator: OldDesignator= NewDesignator=C5
Change Component Designator: OldDesignator= NewDesignator=C6
Change Component Designator: OldDesignator= NewDesignator=C7
Change Component Designator: OldDesignator= NewDesignator=C8
Change Component Designator: OldDesignator= NewDesignator=C9
Change Component Designator: OldDesignator= NewDesignator=C10
Change Component Designator: OldDesignator= NewDesignator=C11
Change Component Designator: OldDesignator= NewDesignator=C12
Change Component Designator: OldDesignator= NewDesignator=C13
Change Component Designator: OldDesignator= NewDesignator=C14
Change Component Designator: OldDesignator= NewDesignator=C15
Change Component Designator: OldDesignator= NewDesignator=C16
Change Component Designator: OldDesignator= NewDesignator=C17
Change Component Designator: OldDesignator= NewDesignator=C19
Change Component Designator: OldDesignator= NewDesignator=C20
Change Component Designator: OldDesignator= NewDesignator=D1
Change Component Designator: OldDesignator= NewDesignator=D3
Change Component Designator: OldDesignator= NewDesignator=R1
Change Component Designator: OldDesignator= NewDesignator=R2
Change Component Designator: OldDesignator= NewDesignator=R3
Change Component Designator: OldDesignator= NewDesignator=R4
Change Component Designator: OldDesignator= NewDesignator=R5
Change Component Designator: OldDesignator= NewDesignator=R6
Change Component Designator: OldDesignator= NewDesignator=R8
Change Component Designator: OldDesignator= NewDesignator=R9
Change Component Designator: OldDesignator= NewDesignator=R10
Change Component Designator: OldDesignator= NewDesignator=R11
Change Component Designator: OldDesignator= NewDesignator=R12
Change Component Designator: OldDesignator= NewDesignator=R13
Change Component Designator: OldDesignator= NewDesignator=R15
Change Component Designator: OldDesignator= NewDesignator=R16
Change Component Designator: OldDesignator= NewDesignator=R17
Change Component Designator: OldDesignator= NewDesignator=R18
Change Component Designator: OldDesignator= NewDesignator=R19
Change Component Designator: OldDesignator= NewDesignator=R20
Change Component Designator: OldDesignator= NewDesignator=R21
Change Component Designator: OldDesignator= NewDesignator=R22
Change Component Designator: OldDesignator= NewDesignator=R23
Change Component Designator: OldDesignator= NewDesignator=R24
Change Component Designator: OldDesignator=USB NewDesignator=USB micro B
Change Net Name : Old Net Name=NetC?_1 New Net Name=NetC8_1
Add Differential Pair: Number of nets in differential pair UART_D+ is 1 instead of 2
Add Differential Pair: Number of nets in differential pair UART_D- is 1 instead of 2
